<?xml version="1.0" encoding="UTF-8"?>
<!-- Generated by org.testng.reporters.JUnitReportReporter -->
<testsuite hostname="EPINHYDW0431" failures="0" tests="4" name="com.sri.qa.tests.firstTest" time="0.125" errors="0" timestamp="2023-06-13T20:37:44 IST" skipped="0">
  <testcase classname="com.sri.qa.tests.firstTest" name="test" time="0.067"/>
  <system-out/>
  <testcase classname="com.sri.qa.tests.firstTest" name="testfailed" time="0.041"/>
  <system-out/>
  <testcase classname="com.sri.qa.tests.firstTest" name="printHi" time="0.012"/>
  <system-out/>
  <testcase classname="com.sri.qa.tests.firstTest" name="printHii" time="0.005"/>
  <system-out/>
</testsuite> <!-- com.sri.qa.tests.firstTest -->
